<?xml version="1.0" encoding="UTF-8"?>
<testng-results ignored="0" total="1" passed="1" failed="0" skipped="0">
  <reporter-output>
  </reporter-output>
  <suite started-at="2022-12-27T19:10:58 IST" name="Default suite" finished-at="2022-12-27T19:11:08 IST" duration-ms="10352">
    <groups>
      <group name="cucumber">
        <method signature="AbstractTestNGCucumberTests.runScenario(io.cucumber.testng.PickleWrapper,io.cucumber.testng.FeatureWrapper)[pri:0, instance:Runner.TestRunner@5ab956d7]" name="runScenario" class="io.cucumber.testng.AbstractTestNGCucumberTests"/>
      </group> <!-- cucumber -->
    </groups>
    <test started-at="2022-12-27T19:10:58 IST" name="Default test" finished-at="2022-12-27T19:11:08 IST" duration-ms="10352">
      <class name="Runner.TestRunner">
        <test-method is-config="true" signature="setUpClass(org.testng.ITestContext)[pri:0, instance:Runner.TestRunner@5ab956d7]" started-at="2022-12-27T19:10:58 IST" name="setUpClass" finished-at="2022-12-27T19:10:58 IST" duration-ms="457" status="PASS">
          <params>
            <param index="0">
              <value>
                <![CDATA[org.testng.TestRunner@4c1bdcc2]]>
              </value>
            </param>
          </params>
          <reporter-output>
          </reporter-output>
        </test-method> <!-- setUpClass -->
        <test-method signature="runScenario(io.cucumber.testng.PickleWrapper,io.cucumber.testng.FeatureWrapper)[pri:0, instance:Runner.TestRunner@5ab956d7]" started-at="2022-12-27T19:10:58 IST" name="runScenario" description="Runs Cucumber Scenarios" data-provider="scenarios" finished-at="2022-12-27T19:11:08 IST" duration-ms="9816" status="PASS">
          <params>
            <param index="0">
              <value>
                <![CDATA["Parabank Login Test Scenario"]]>
              </value>
            </param>
            <param index="1">
              <value>
                <![CDATA["Parabank Login Feature"]]>
              </value>
            </param>
          </params>
          <reporter-output>
          </reporter-output>
        </test-method> <!-- runScenario -->
        <test-method is-config="true" signature="tearDownClass()[pri:0, instance:Runner.TestRunner@5ab956d7]" started-at="2022-12-27T19:11:08 IST" name="tearDownClass" finished-at="2022-12-27T19:11:08 IST" duration-ms="15" status="PASS">
          <reporter-output>
          </reporter-output>
        </test-method> <!-- tearDownClass -->
      </class> <!-- Runner.TestRunner -->
    </test> <!-- Default test -->
  </suite> <!-- Default suite -->
</testng-results>
